☎️ 0255557001245 → 036-212905,  081-8154384
☎️ 0105555022459 → 02 1506771
☎️ 0135556020972 → 02-9220889
☎️ 0105556082960 → 023214981
☎️ 0105559114510 → 035-750-801
☎️ 0105540104349 → 02-1681118
☎️ 0105529041972 → 022940350
☎️ 0105560090246 → 02-2658400
☎️ 0105532076927 → 0-2475-6228
☎️ 0115556001731 → 02-1745291
☎️ 0105537043555 → 021820271
☎️ 0107537001692 → 0-2183-4567
☎️ 0195550000295 → 02-1904171
☎️ 0105532085021 → 0-2194-5678
☎️ 0107561000013 → 0-2196-5959
☎️ 0105556159709 → 02-2316245-6
☎️ 0105544066565 → 0-2237-3652
☎️ 0107536001125 → 0-2626-6377, 0-2626-6383, 0-2253-6749
☎️ 0105513002514 → 022548308
☎️ 0745554004231 → 036-373-765
☎️ 0105518005449 → 0-4433-6404
☎️ 0105548097708 → 02-3791281
☎️ 0105489000600 → 02-2667677-8
☎️ 0105531002385 → 0-2440-0854
☎️ 0105513005467 → 02-2812521
☎️ 0105526053791 → 0-2942-5001
☎️ 0105540094131 → 0-2295-2147
☎️ 0135559023638 → 02-2853131
☎️ 0115542000168 → 0-3853-3355
☎️ 0125563025615 → 020109755
☎️ 0105530010520 → 0 2315 1478-80
☎️ 0105556002150 → 02-3721676
☎️ 0105531012747 → 0-2237-6009, 0-2237-0823
☎️ 0115521000363 → 023240473-5
☎️ 0105521006841 → 02-3372373-6
☎️ 0115559016356 → 027036471
☎️ 0105539046594 → 032-210902
☎️ 0105538075906 → 023755197
☎️ 0105548004297 → 02-3778668
☎️ 0115553004801 → 0-2380-4777
☎️ 0105534073020 → 02-439-7425
☎️ 0115547003271 → 0-2701-6255
☎️ 0305536001172 → 044-371499
☎️ 0105555053702 → 022378681
☎️ 0105564013351 → 025139697
☎️ 0105532117534 → 0-2425-9780
☎️ 0105534044895 → 02-4284603
☎️ 0735529000405 → 0-2429-0326
☎️ 0735542001215 → 0-2445-5661
☎️ 0735551001729 → 024489102-05
☎️ 0105503000586 → 0-2247-7000
☎️ 0133536001822 → 02 501 2274
☎️ 0625551000081 → 035200240
☎️ 0715530000146 → 025132955
☎️ 0105516000113 → 02-5179445-6
☎️ 0105547076987 → 0520 3197-98
☎️ 0125524000119 → 0-2526-1063
☎️ 0135548010459 → 025259768
☎️ 0105532029082 → 025292709
☎️ 0133532000015 → 0-2533-2929
☎️ 0105558011415 → 027433956
☎️ 0195522000022 → 03643-6131
☎️ 0105537146079 → 02-5550000
☎️ 0105547027404 → 0-2577-3160
☎️ 0105542000095 → 0625862222
☎️ 0105531005163 → 0-5572-9236
☎️ 0105509004737 → 02-6241999
☎️ 0105502000663 → 02-2822022
☎️ 0107560000346 → 0-2661-9734
☎️ 0105544046220 → 0 2898 4786-7
☎️ 0105539128876 → 0-3852-2409
☎️ 0105529018385 → 0-2294-5315
☎️ 0105547032521 → 02-682-4490
☎️ 0465532000022 → 043-823711-2
☎️ 0105532007496 → 0-2690-6251
☎️ 0105559139954 → 026925620
☎️ 0105532054273 → 02-7407006
☎️ 0115554010341 → 026723827
☎️ 0107560000117 → 0-2709-4040
☎️ 0115546000502 → 0-2730-1772
